{"name": "Создание заказа с неверным хешем ингредиентов", "status": "failed", "statusDetails": {"message": "AssertionError: assert 403 == 200\n +  where 403 = <Response [403]>.status_code", "trace": "@pytest.fixture()\n    def authenticated_user():\n        \"\"\"Авторизованный пользователь с автоматическим удалением\"\"\"\n        user_data = {\n            'email': generate_email(),\n            'password': generate_password(),\n            'name': generate_name()\n        }\n    \n        # Регистрируем пользователя\n        register_response = requests.post(Endpoints.register, json=user_data)\n>       assert register_response.status_code == 200\nE       assert 403 == 200\nE        +  where 403 = <Response [403]>.status_code\n\nconftest.py:29: AssertionError"}, "start": 1766242231186, "stop": 1766242231186, "uuid": "7d63de69-d7cd-4bea-a590-9fa8b703aa93", "historyId": "73b673f9057482550bc8550b32f9cadb", "testCaseId": "73b673f9057482550bc8550b32f9cadb", "fullName": "tests.test_create_order.TestCreateOrder#test_create_order_invalid_hash", "labels": [{"name": "feature", "value": "Создание заказа"}, {"name": "parentSuite", "value": "tests"}, {"name": "suite", "value": "test_create_order"}, {"name": "subSuite", "value": "TestCreateOrder"}, {"name": "host", "value": "Swag"}, {"name": "thread", "value": "24628-MainThread"}, {"name": "framework", "value": "pytest"}, {"name": "language", "value": "cpython3"}, {"name": "package", "value": "tests.test_create_order"}], "titlePath": ["tests", "test_create_order.py", "TestCreateOrder"]}